<?xml version="1.0" encoding="UTF-8"?>
<testng-results ignored="0" total="2" passed="2" failed="0" skipped="0">
  <reporter-output>
  </reporter-output>
  <suite started-at="2022-09-06T17:53:45 IST" name="Suite" finished-at="2022-09-06T17:54:04 IST" duration-ms="18224">
    <groups>
    </groups>
    <test started-at="2022-09-06T17:53:45 IST" name="Test1" finished-at="2022-09-06T17:54:04 IST" duration-ms="18060">
      <class name="com.tmb.pagetests.RegistrationTest">
        <test-method is-config="true" signature="setup(java.lang.String)[pri:0, instance:com.tmb.pagetests.RegistrationTest@4d910fd6]" started-at="2022-09-06T17:53:45 IST" name="setup" finished-at="2022-09-06T17:53:53 IST" duration-ms="7716" status="PASS">
          <params>
            <param index="0">
              <value>
                <![CDATA[Chrome]]>
              </value>
            </param>
          </params>
          <reporter-output>
          </reporter-output>
        </test-method> <!-- setup -->
        <test-method signature="registrationTest()[pri:1, instance:com.tmb.pagetests.RegistrationTest@4d910fd6]" started-at="2022-09-06T17:53:53 IST" name="registrationTest" finished-at="2022-09-06T17:54:03 IST" duration-ms="9292" status="PASS">
          <reporter-output>
          </reporter-output>
        </test-method> <!-- registrationTest -->
        <test-method is-config="true" signature="teardown()[pri:0, instance:com.tmb.pagetests.RegistrationTest@4d910fd6]" started-at="2022-09-06T17:54:03 IST" name="teardown" finished-at="2022-09-06T17:54:04 IST" duration-ms="1020" status="PASS">
          <reporter-output>
          </reporter-output>
        </test-method> <!-- teardown -->
      </class> <!-- com.tmb.pagetests.RegistrationTest -->
    </test> <!-- Test1 -->
    <test started-at="2022-09-06T17:53:45 IST" name="Test2" finished-at="2022-09-06T17:54:04 IST" duration-ms="18224">
      <class name="com.tmb.pagetests.RegistrationTest">
        <test-method is-config="true" signature="setup(java.lang.String)[pri:0, instance:com.tmb.pagetests.RegistrationTest@272ed83b]" started-at="2022-09-06T17:53:45 IST" name="setup" finished-at="2022-09-06T17:53:53 IST" duration-ms="7792" status="PASS">
          <params>
            <param index="0">
              <value>
                <![CDATA[Chrome]]>
              </value>
            </param>
          </params>
          <reporter-output>
          </reporter-output>
        </test-method> <!-- setup -->
        <test-method signature="registrationTest()[pri:1, instance:com.tmb.pagetests.RegistrationTest@272ed83b]" started-at="2022-09-06T17:53:53 IST" name="registrationTest" finished-at="2022-09-06T17:54:03 IST" duration-ms="9630" status="PASS">
          <reporter-output>
          </reporter-output>
        </test-method> <!-- registrationTest -->
        <test-method is-config="true" signature="teardown()[pri:0, instance:com.tmb.pagetests.RegistrationTest@272ed83b]" started-at="2022-09-06T17:54:03 IST" name="teardown" finished-at="2022-09-06T17:54:04 IST" duration-ms="775" status="PASS">
          <reporter-output>
          </reporter-output>
        </test-method> <!-- teardown -->
      </class> <!-- com.tmb.pagetests.RegistrationTest -->
    </test> <!-- Test2 -->
  </suite> <!-- Suite -->
</testng-results>
